{"C:\\Users\\Ali\\Desktop\\Linked List\\LinkedList.js": {"path":"C:\\Users\\Ali\\Desktop\\Linked List\\LinkedList.js","statementMap":{"0":{"start":{"line":3,"column":4},"end":{"line":3,"column":19}},"1":{"start":{"line":4,"column":4},"end":{"line":4,"column":21}},"2":{"start":{"line":10,"column":4},"end":{"line":10,"column":21}},"3":{"start":{"line":14,"column":4},"end":{"line":17,"column":5}},"4":{"start":{"line":15,"column":6},"end":{"line":15,"column":32}},"5":{"start":{"line":16,"column":6},"end":{"line":16,"column":13}},"6":{"start":{"line":19,"column":15},"end":{"line":19,"column":24}},"7":{"start":{"line":20,"column":4},"end":{"line":22,"column":5}},"8":{"start":{"line":21,"column":6},"end":{"line":21,"column":23}},"9":{"start":{"line":23,"column":4},"end":{"line":23,"column":30}},"10":{"start":{"line":26,"column":14},"end":{"line":26,"column":16}},"11":{"start":{"line":27,"column":15},"end":{"line":27,"column":24}},"12":{"start":{"line":28,"column":4},"end":{"line":31,"column":3}},"13":{"start":{"line":29,"column":6},"end":{"line":29,"column":28}},"14":{"start":{"line":30,"column":6},"end":{"line":30,"column":22}},"15":{"start":{"line":32,"column":2},"end":{"line":32,"column":19}},"16":{"start":{"line":35,"column":13},"end":{"line":35,"column":22}},"17":{"start":{"line":36,"column":2},"end":{"line":41,"column":3}},"18":{"start":{"line":37,"column":4},"end":{"line":39,"column":5}},"19":{"start":{"line":38,"column":6},"end":{"line":38,"column":17}},"20":{"start":{"line":40,"column":4},"end":{"line":40,"column":20}},"21":{"start":{"line":42,"column":2},"end":{"line":42,"column":14}},"22":{"start":{"line":46,"column":13},"end":{"line":46,"column":29}},"23":{"start":{"line":47,"column":0},"end":{"line":47,"column":17}},"24":{"start":{"line":48,"column":0},"end":{"line":48,"column":17}},"25":{"start":{"line":49,"column":0},"end":{"line":49,"column":17}},"26":{"start":{"line":50,"column":0},"end":{"line":50,"column":17}},"27":{"start":{"line":51,"column":0},"end":{"line":51,"column":12}},"28":{"start":{"line":53,"column":0},"end":{"line":53,"column":22}},"29":{"start":{"line":54,"column":0},"end":{"line":54,"column":31}},"30":{"start":{"line":55,"column":0},"end":{"line":55,"column":31}},"31":{"start":{"line":57,"column":0},"end":{"line":57,"column":28}}},"fnMap":{"0":{"name":"(anonymous_0)","decl":{"start":{"line":2,"column":2},"end":{"line":2,"column":3}},"loc":{"start":{"line":2,"column":19},"end":{"line":5,"column":3}},"line":2},"1":{"name":"(anonymous_1)","decl":{"start":{"line":9,"column":2},"end":{"line":9,"column":3}},"loc":{"start":{"line":9,"column":16},"end":{"line":11,"column":3}},"line":9},"2":{"name":"(anonymous_2)","decl":{"start":{"line":13,"column":2},"end":{"line":13,"column":3}},"loc":{"start":{"line":13,"column":14},"end":{"line":24,"column":3}},"line":13},"3":{"name":"(anonymous_3)","decl":{"start":{"line":25,"column":2},"end":{"line":25,"column":3}},"loc":{"start":{"line":25,"column":9},"end":{"line":33,"column":1}},"line":25},"4":{"name":"(anonymous_4)","decl":{"start":{"line":34,"column":0},"end":{"line":34,"column":1}},"loc":{"start":{"line":34,"column":16},"end":{"line":43,"column":1}},"line":34}},"branchMap":{"0":{"loc":{"start":{"line":14,"column":4},"end":{"line":17,"column":5}},"type":"if","locations":[{"start":{"line":14,"column":4},"end":{"line":17,"column":5}},{"start":{},"end":{}}],"line":14},"1":{"loc":{"start":{"line":37,"column":4},"end":{"line":39,"column":5}},"type":"if","locations":[{"start":{"line":37,"column":4},"end":{"line":39,"column":5}},{"start":{},"end":{}}],"line":37}},"s":{"0":13,"1":13,"2":4,"3":13,"4":4,"5":4,"6":9,"7":9,"8":6,"9":9,"10":1,"11":1,"12":1,"13":3,"14":3,"15":1,"16":6,"17":6,"18":15,"19":3,"20":12,"21":3,"22":1,"23":1,"24":1,"25":1,"26":1,"27":1,"28":1,"29":1,"30":1,"31":1},"f":{"0":13,"1":4,"2":13,"3":1,"4":6},"b":{"0":[4,9],"1":[3,12]},"_coverageSchema":"1a1c01bbd47fc00a2c39e90264f33305004495a9","hash":"6bcbd5d0437d84a051a7891abed199f708574d6c"}
}
