TN:
SF:LinkedList.js
FN:2,(anonymous_0)
FN:9,(anonymous_1)
FN:13,(anonymous_2)
FN:25,(anonymous_3)
FN:34,(anonymous_4)
FNF:5
FNH:5
FNDA:13,(anonymous_0)
FNDA:4,(anonymous_1)
FNDA:13,(anonymous_2)
FNDA:1,(anonymous_3)
FNDA:6,(anonymous_4)
DA:3,13
DA:4,13
DA:10,4
DA:14,13
DA:15,4
DA:16,4
DA:19,9
DA:20,9
DA:21,6
DA:23,9
DA:26,1
DA:27,1
DA:28,1
DA:29,3
DA:30,3
DA:32,1
DA:35,6
DA:36,6
DA:37,15
DA:38,3
DA:40,12
DA:42,3
DA:46,1
DA:47,1
DA:48,1
DA:49,1
DA:50,1
DA:51,1
DA:53,1
DA:54,1
DA:55,1
DA:57,1
LF:32
LH:32
BRDA:14,0,0,4
BRDA:14,0,1,9
BRDA:37,1,0,3
BRDA:37,1,1,12
BRF:4
BRH:4
end_of_record
