<?xml version="1.0" encoding="UTF-8"?>
<coverage generated="1688917687978" clover="3.2.0">
  <project timestamp="1688917687978" name="All files">
    <metrics statements="32" coveredstatements="32" conditionals="4" coveredconditionals="4" methods="5" coveredmethods="5" elements="41" coveredelements="41" complexity="0" loc="32" ncloc="32" packages="1" files="1" classes="1"/>
    <file name="LinkedList.js" path="C:\Users\Ali\Desktop\Linked List\LinkedList.js">
      <metrics statements="32" coveredstatements="32" conditionals="4" coveredconditionals="4" methods="5" coveredmethods="5"/>
      <line num="3" count="13" type="stmt"/>
      <line num="4" count="13" type="stmt"/>
      <line num="10" count="4" type="stmt"/>
      <line num="14" count="13" type="cond" truecount="2" falsecount="0"/>
      <line num="15" count="4" type="stmt"/>
      <line num="16" count="4" type="stmt"/>
      <line num="19" count="9" type="stmt"/>
      <line num="20" count="9" type="stmt"/>
      <line num="21" count="6" type="stmt"/>
      <line num="23" count="9" type="stmt"/>
      <line num="26" count="1" type="stmt"/>
      <line num="27" count="1" type="stmt"/>
      <line num="28" count="1" type="stmt"/>
      <line num="29" count="3" type="stmt"/>
      <line num="30" count="3" type="stmt"/>
      <line num="32" count="1" type="stmt"/>
      <line num="35" count="6" type="stmt"/>
      <line num="36" count="6" type="stmt"/>
      <line num="37" count="15" type="cond" truecount="2" falsecount="0"/>
      <line num="38" count="3" type="stmt"/>
      <line num="40" count="12" type="stmt"/>
      <line num="42" count="3" type="stmt"/>
      <line num="46" count="1" type="stmt"/>
      <line num="47" count="1" type="stmt"/>
      <line num="48" count="1" type="stmt"/>
      <line num="49" count="1" type="stmt"/>
      <line num="50" count="1" type="stmt"/>
      <line num="51" count="1" type="stmt"/>
      <line num="53" count="1" type="stmt"/>
      <line num="54" count="1" type="stmt"/>
      <line num="55" count="1" type="stmt"/>
      <line num="57" count="1" type="stmt"/>
    </file>
  </project>
</coverage>
